2025-3-18 11:8:14 - MQTT - DEBUG - Checking WiFi integrity.
2025-3-18 11:8:19 - MQTT - DEBUG - Got reliable connection
2025-3-18 11:8:19 - MQTT - DEBUG - Connecting to broker.
2025-3-18 11:8:19 - MQTT - DEBUG - Wifi is up
2025-3-18 11:8:19 - MQTT - DEBUG - rssi: -55dB
2025-3-18 11:8:19 - MQTT - DEBUG - b'pico_w_pergola_no_sensor/set_angle: +9750'
2025-3-18 11:8:20 - MQTT - DEBUG - b'pico_w_pergola_no_sensor/status: Ready'
2025-3-18 11:8:23 - MQTT - DEBUG - Ready
2025-3-18 11:8:23 - MQTT - DEBUG - b'pico_w_pergola_no_sensor/status: Ready'
2025-3-18 11:8:24 - MQTT - DEBUG - Homing
2025-3-18 11:8:25 - MQTT - DEBUG - b'pico_w_pergola_no_sensor/set_angle: +9750'
2025-3-18 11:8:26 - MQTT - DEBUG - Homing
2025-3-18 11:8:45 - MQTT - DEBUG - RAM free 138016 alloc 51936
2025-3-18 11:8:46 - MQTT - DEBUG - Homing successful
2025-3-18 11:8:47 - MQTT - DEBUG - Moving from: 222 to 9750
2025-3-18 11:8:48 - MQTT - DEBUG - Moving from: 1088 to 9750
2025-3-18 11:8:49 - MQTT - DEBUG - Moving from: 1952 to 9750
2025-3-18 11:8:50 - MQTT - DEBUG - Moving from: 2814 to 9750
2025-3-18 11:8:51 - MQTT - DEBUG - Moving from: 3677 to 9750
2025-3-18 11:8:52 - MQTT - DEBUG - Moving from: 4551 to 9750
2025-3-18 11:8:52 - MQTT - DEBUG - Moving from: 5416 to 9750
2025-3-18 11:8:53 - MQTT - DEBUG - Moving from: 6278 to 9750
2025-3-18 11:8:54 - MQTT - DEBUG - Moving from: 7144 to 9750
2025-3-18 11:8:55 - MQTT - DEBUG - Moving from: 8009 to 9750
2025-3-18 11:8:56 - MQTT - DEBUG - Moving from: 8924 to 9750
2025-3-18 11:8:57 - MQTT - DEBUG - Moving from: 9750 to 9750
2025-3-18 11:8:58 - MQTT - DEBUG - Ready
2025-3-18 11:8:58 - MQTT - DEBUG - rssi: -55dB
2025-3-18 11:9:2 - MQTT - DEBUG - b'pico_w_pergola_no_sensor/set_angle: +9726'
2025-3-18 11:9:3 - MQTT - DEBUG - b'pico_w_pergola_no_sensor/set_angle: +9728'
2025-3-18 11:9:4 - MQTT - DEBUG - Moving from: 9728 to 9728
2025-3-18 11:9:5 - MQTT - DEBUG - RAM free 138464 alloc 51488
2025-3-18 11:9:5 - MQTT - DEBUG - Ready
2025-3-18 11:9:5 - MQTT - DEBUG - rssi: -55dB
2025-3-18 11:9:25 - MQTT - DEBUG - RAM free 138432 alloc 51520
2025-3-18 11:9:45 - MQTT - DEBUG - RAM free 138032 alloc 51920
2025-3-18 11:10:2 - MQTT - DEBUG - b'pico_w_pergola_no_sensor/set_angle: +9804'
2025-3-18 11:10:3 - MQTT - DEBUG - b'pico_w_pergola_no_sensor/set_angle: +9805'
2025-3-18 11:10:4 - MQTT - DEBUG - Moving from: 9805 to 9805
2025-3-18 11:10:5 - MQTT - DEBUG - Ready
2025-3-18 11:10:5 - MQTT - DEBUG - rssi: -55dB
2025-3-18 11:10:6 - MQTT - DEBUG - RAM free 138096 alloc 51856
2025-3-18 11:14:38 - MQTT - DEBUG - Checking WiFi integrity.
2025-3-18 11:14:43 - MQTT - DEBUG - Got reliable connection
2025-3-18 11:14:43 - MQTT - DEBUG - Connecting to broker.
2025-3-18 11:14:43 - MQTT - DEBUG - Wifi is up
2025-3-18 11:14:43 - MQTT - DEBUG - rssi: -56dB
2025-3-18 11:14:44 - MQTT - DEBUG - b'pico_w_pergola_no_sensor/set_angle: +9916'
2025-3-18 11:14:45 - MQTT - DEBUG - b'pico_w_pergola_no_sensor/status: Ready'
2025-3-18 11:14:48 - MQTT - DEBUG - Ready
2025-3-18 11:14:48 - MQTT - DEBUG - b'pico_w_pergola_no_sensor/status: Ready'
2025-3-18 11:14:50 - MQTT - DEBUG - Homing
2025-3-18 11:14:50 - MQTT - DEBUG - b'pico_w_pergola_no_sensor/set_angle: +9916'
2025-3-18 11:14:51 - MQTT - DEBUG - Homing
2025-3-18 11:15:11 - MQTT - DEBUG - RAM free 137936 alloc 52016
2025-3-18 11:15:11 - MQTT - DEBUG - b'pico_w_pergola_no_sensor/set_angle: +9993'
2025-3-18 11:15:12 - MQTT - DEBUG - b'pico_w_pergola_no_sensor/set_angle: +9994'
2025-3-18 11:15:13 - MQTT - DEBUG - b'pico_w_pergola_no_sensor/set_angle: +9993'
2025-3-18 11:15:14 - MQTT - DEBUG - b'pico_w_pergola_no_sensor/set_angle: +9994'
2025-3-18 11:15:15 - MQTT - DEBUG - b'pico_w_pergola_no_sensor/set_angle: +9993'
2025-3-18 11:15:16 - MQTT - DEBUG - b'pico_w_pergola_no_sensor/set_angle: +9994'
2025-3-18 11:15:17 - MQTT - DEBUG - b'pico_w_pergola_no_sensor/set_angle: +9993'
2025-3-18 11:15:18 - MQTT - DEBUG - b'pico_w_pergola_no_sensor/set_angle: +9994'
2025-3-18 11:15:20 - MQTT - DEBUG - b'pico_w_pergola_no_sensor/set_angle: +9994'
2025-3-18 11:15:21 - MQTT - DEBUG - Homing successful
2025-3-18 11:15:32 - MQTT - DEBUG - Checking WiFi integrity.
2025-3-18 11:15:37 - MQTT - DEBUG - Got reliable connection
2025-3-18 11:15:37 - MQTT - DEBUG - Connecting to broker.
2025-3-18 11:15:37 - MQTT - DEBUG - Wifi is up
2025-3-18 11:15:37 - MQTT - DEBUG - rssi: -78dB
2025-3-18 11:15:37 - MQTT - DEBUG - b'pico_w_pergola_no_sensor/set_angle: +9994'
2025-3-18 11:15:39 - MQTT - DEBUG - b'pico_w_pergola_no_sensor/status: Homing successful'
2025-3-18 11:15:42 - MQTT - DEBUG - Ready
2025-3-18 11:15:42 - MQTT - DEBUG - b'pico_w_pergola_no_sensor/status: Homing successful'
2025-3-18 11:15:43 - MQTT - DEBUG - Homing
2025-3-18 11:15:44 - MQTT - DEBUG - b'pico_w_pergola_no_sensor/set_angle: +9994'
2025-3-18 11:15:45 - MQTT - DEBUG - b'pico_w_pergola_no_sensor/set_angle: +9994'
2025-3-18 11:15:46 - MQTT - DEBUG - Homing
2025-3-18 11:15:47 - MQTT - DEBUG - Homing successful
2025-3-18 11:15:48 - MQTT - DEBUG - Moving from: 224 to 9994
2025-3-18 11:15:49 - MQTT - DEBUG - Moving from: 1091 to 9994
2025-3-18 11:15:50 - MQTT - DEBUG - Moving from: 1957 to 9994
2025-3-18 11:15:51 - MQTT - DEBUG - Moving from: 2825 to 9994
2025-3-18 11:15:52 - MQTT - DEBUG - Moving from: 3695 to 9994
2025-3-18 11:15:53 - MQTT - DEBUG - Moving from: 4570 to 9994
2025-3-18 11:15:54 - MQTT - DEBUG - Moving from: 5436 to 9994
2025-3-18 11:15:55 - MQTT - DEBUG - Moving from: 6302 to 9994
2025-3-18 11:15:55 - MQTT - DEBUG - Moving from: 7172 to 9994
2025-3-18 11:15:56 - MQTT - DEBUG - Moving from: 8081 to 9994
2025-3-18 11:15:57 - MQTT - DEBUG - Moving from: 8959 to 9994
2025-3-18 11:15:58 - MQTT - DEBUG - Moving from: 9823 to 9994
2025-3-18 11:15:59 - MQTT - DEBUG - RAM free 138496 alloc 51456
2025-3-18 11:15:59 - MQTT - DEBUG - Ready
2025-3-18 11:15:59 - MQTT - DEBUG - rssi: -78dB
2025-3-18 11:16:2 - MQTT - DEBUG - b'pico_w_pergola_no_sensor/set_angle: +10072'
2025-3-18 11:16:4 - MQTT - DEBUG - b'pico_w_pergola_no_sensor/set_angle: +10073'
2025-3-18 11:16:5 - MQTT - DEBUG - Moving from: 10073 to 10073
2025-3-18 11:16:6 - MQTT - DEBUG - Ready
2025-3-18 11:16:6 - MQTT - DEBUG - rssi: -78dB
2025-3-18 11:16:19 - MQTT - DEBUG - RAM free 138496 alloc 51456
2025-3-18 11:16:39 - MQTT - DEBUG - RAM free 138496 alloc 51456
2025-3-18 11:16:59 - MQTT - DEBUG - RAM free 138496 alloc 51456
2025-3-18 11:17:2 - MQTT - DEBUG - b'pico_w_pergola_no_sensor/set_angle: +10051'
2025-3-18 11:17:3 - MQTT - DEBUG - b'pico_w_pergola_no_sensor/set_angle: +10052'
2025-3-18 11:17:4 - MQTT - DEBUG - Moving from: 10052 to 10052
2025-3-18 11:17:5 - MQTT - DEBUG - Ready
2025-3-18 11:17:5 - MQTT - DEBUG - rssi: -78dB
2025-3-18 11:17:33 - MQTT - DEBUG - Checking WiFi integrity.
2025-3-18 11:17:38 - MQTT - DEBUG - Got reliable connection
2025-3-18 11:17:38 - MQTT - DEBUG - Connecting to broker.
2025-3-18 11:17:38 - MQTT - DEBUG - Wifi is up
2025-3-18 11:17:38 - MQTT - DEBUG - rssi: -55dB
2025-3-18 11:17:39 - MQTT - DEBUG - b'pico_w_pergola_no_sensor/set_angle: +10052'
2025-3-18 11:17:40 - MQTT - DEBUG - b'pico_w_pergola_no_sensor/status: Ready'
2025-3-18 11:17:43 - MQTT - DEBUG - Ready
2025-3-18 11:17:43 - MQTT - DEBUG - b'pico_w_pergola_no_sensor/status: Ready'
2025-3-18 11:17:44 - MQTT - DEBUG - Homing
2025-3-18 11:17:44 - MQTT - DEBUG - b'pico_w_pergola_no_sensor/set_angle: +10052'
2025-3-18 11:17:46 - MQTT - DEBUG - b'pico_w_pergola_no_sensor/set_angle: +10052'
2025-3-18 11:17:47 - MQTT - DEBUG - Homing
2025-3-18 11:18:7 - MQTT - DEBUG - RAM free 138432 alloc 51520
2025-3-18 11:18:7 - MQTT - DEBUG - b'pico_w_pergola_no_sensor/set_angle: +10130'
2025-3-18 11:18:8 - MQTT - DEBUG - b'pico_w_pergola_no_sensor/set_angle: +10131'
2025-3-18 11:18:9 - MQTT - DEBUG - b'pico_w_pergola_no_sensor/set_angle: +10130'
2025-3-18 11:18:10 - MQTT - DEBUG - b'pico_w_pergola_no_sensor/set_angle: +10131'
2025-3-18 11:18:11 - MQTT - DEBUG - b'pico_w_pergola_no_sensor/set_angle: +10130'
2025-3-18 11:18:12 - MQTT - DEBUG - b'pico_w_pergola_no_sensor/set_angle: +10131'
2025-3-18 11:18:14 - MQTT - DEBUG - Homing successful
2025-3-18 11:18:15 - MQTT - DEBUG - Moving from: 223 to 10131
2025-3-18 11:18:16 - MQTT - DEBUG - Moving from: 1097 to 10131
2025-3-18 11:18:17 - MQTT - DEBUG - Moving from: 1974 to 10131
2025-3-18 11:18:18 - MQTT - DEBUG - Moving from: 2839 to 10131
2025-3-18 11:18:19 - MQTT - DEBUG - Moving from: 3708 to 10131
2025-3-18 11:18:20 - MQTT - DEBUG - Moving from: 4583 to 10131
2025-3-18 11:18:21 - MQTT - DEBUG - Moving from: 5450 to 10131
2025-3-18 11:18:22 - MQTT - DEBUG - Moving from: 6314 to 10131
2025-3-18 11:18:23 - MQTT - DEBUG - Moving from: 7180 to 10131
2025-3-18 11:18:24 - MQTT - DEBUG - Moving from: 8046 to 10131
2025-3-18 11:18:25 - MQTT - DEBUG - Moving from: 8920 to 10131
2025-3-18 11:18:25 - MQTT - DEBUG - Moving from: 9785 to 10131
2025-3-18 11:18:26 - MQTT - DEBUG - Ready
2025-3-18 11:18:27 - MQTT - DEBUG - rssi: -55dB
2025-3-18 11:18:27 - MQTT - DEBUG - RAM free 138160 alloc 51792
2025-3-18 11:18:47 - MQTT - DEBUG - RAM free 138160 alloc 51792
2025-3-18 11:19:2 - MQTT - DEBUG - b'pico_w_pergola_no_sensor/set_angle: +10109'
2025-3-18 11:19:3 - MQTT - DEBUG - b'pico_w_pergola_no_sensor/set_angle: +10110'
2025-3-18 11:19:5 - MQTT - DEBUG - Moving from: 10110 to 10110
2025-3-18 11:19:6 - MQTT - DEBUG - Ready
2025-3-18 11:19:6 - MQTT - DEBUG - rssi: -55dB
2025-3-18 11:19:7 - MQTT - DEBUG - RAM free 138496 alloc 51456
2025-3-18 11:19:27 - MQTT - DEBUG - RAM free 138160 alloc 51792
2025-3-18 11:19:47 - MQTT - DEBUG - RAM free 138496 alloc 51456
2025-3-18 11:20:2 - MQTT - DEBUG - b'pico_w_pergola_no_sensor/set_angle: +10188'
2025-3-18 11:20:3 - MQTT - DEBUG - b'pico_w_pergola_no_sensor/set_angle: +10190'
2025-3-18 11:20:4 - MQTT - DEBUG - Moving from: 10190 to 10190
2025-3-18 11:20:5 - MQTT - DEBUG - Ready
2025-3-18 11:20:5 - MQTT - DEBUG - rssi: -55dB
2025-3-18 11:20:7 - MQTT - DEBUG - RAM free 138160 alloc 51792
2025-3-18 11:20:28 - MQTT - DEBUG - RAM free 138144 alloc 51808
2025-3-18 11:20:48 - MQTT - DEBUG - RAM free 138304 alloc 51648
2025-3-18 11:21:3 - MQTT - DEBUG - b'pico_w_pergola_no_sensor/set_angle: +10268'
2025-3-18 11:21:8 - MQTT - DEBUG - RAM free 138304 alloc 51648
2025-3-18 11:21:28 - MQTT - DEBUG - RAM free 138304 alloc 51648
2025-3-18 11:21:48 - MQTT - DEBUG - RAM free 138304 alloc 51648
2025-3-18 11:21:54 - MQTT - DEBUG - Wifi is down
2025-3-18 11:21:59 - MQTT - DEBUG - Checking WiFi integrity.
2025-3-18 11:22:4 - MQTT - DEBUG - Got reliable connection
2025-3-18 11:22:4 - MQTT - DEBUG - Connecting to broker.
2025-3-18 11:22:4 - MQTT - DEBUG - Reconnect OK!
2025-3-18 11:22:5 - MQTT - DEBUG - Wifi is up
2025-3-18 11:22:5 - MQTT - DEBUG - rssi: -55dB
2025-3-18 11:22:5 - MQTT - DEBUG - Moving from: 10268 to 10268
2025-3-18 11:22:6 - MQTT - DEBUG - Ready
2025-3-18 11:22:6 - MQTT - DEBUG - rssi: -55dB
2025-3-18 11:22:25 - MQTT - DEBUG - RAM free 138192 alloc 51760
2025-3-18 11:22:45 - MQTT - DEBUG - RAM free 138192 alloc 51760
2025-3-18 11:23:5 - MQTT - DEBUG - RAM free 138192 alloc 51760
2025-3-18 11:23:25 - MQTT - DEBUG - RAM free 137856 alloc 52096
2025-3-18 11:23:45 - MQTT - DEBUG - RAM free 138192 alloc 51760
2025-3-18 11:24:5 - MQTT - DEBUG - RAM free 138192 alloc 51760
2025-3-18 11:24:25 - MQTT - DEBUG - RAM free 137856 alloc 52096
2025-3-18 11:24:45 - MQTT - DEBUG - RAM free 138192 alloc 51760
2025-3-18 11:25:5 - MQTT - DEBUG - RAM free 138192 alloc 51760
2025-3-18 11:25:26 - MQTT - DEBUG - RAM free 138000 alloc 51952
2025-3-18 11:25:46 - MQTT - DEBUG - RAM free 137856 alloc 52096
2025-3-18 11:26:6 - MQTT - DEBUG - RAM free 138192 alloc 51760
2025-3-18 11:26:26 - MQTT - DEBUG - RAM free 137792 alloc 52160
2025-3-18 11:26:46 - MQTT - DEBUG - RAM free 138192 alloc 51760
2025-3-18 11:27:6 - MQTT - DEBUG - RAM free 138192 alloc 51760
2025-3-18 11:27:26 - MQTT - DEBUG - RAM free 137856 alloc 52096
2025-3-18 11:27:46 - MQTT - DEBUG - RAM free 138192 alloc 51760
2025-3-18 11:28:6 - MQTT - DEBUG - RAM free 138192 alloc 51760
2025-3-18 11:28:26 - MQTT - DEBUG - RAM free 138192 alloc 51760
2025-3-18 11:28:46 - MQTT - DEBUG - RAM free 138192 alloc 51760
2025-3-18 11:29:7 - MQTT - DEBUG - RAM free 137856 alloc 52096
2025-3-18 11:29:27 - MQTT - DEBUG - RAM free 138192 alloc 51760
2025-3-18 11:29:47 - MQTT - DEBUG - RAM free 138192 alloc 51760
2025-3-18 11:30:7 - MQTT - DEBUG - RAM free 138192 alloc 51760
2025-3-18 11:30:27 - MQTT - DEBUG - RAM free 138192 alloc 51760
2025-3-18 11:30:47 - MQTT - DEBUG - RAM free 138192 alloc 51760
2025-3-18 11:31:7 - MQTT - DEBUG - RAM free 137856 alloc 52096
2025-3-18 11:31:27 - MQTT - DEBUG - RAM free 138192 alloc 51760
2025-3-18 11:31:47 - MQTT - DEBUG - RAM free 138192 alloc 51760
2025-3-18 11:32:7 - MQTT - DEBUG - RAM free 138192 alloc 51760
2025-3-18 11:32:27 - MQTT - DEBUG - RAM free 138192 alloc 51760
2025-3-18 11:32:47 - MQTT - DEBUG - RAM free 138192 alloc 51760
2025-3-18 11:33:8 - MQTT - DEBUG - RAM free 138192 alloc 51760
2025-3-18 11:33:28 - MQTT - DEBUG - RAM free 137776 alloc 52176
2025-3-18 11:33:48 - MQTT - DEBUG - RAM free 137856 alloc 52096
2025-3-18 11:34:8 - MQTT - DEBUG - RAM free 138192 alloc 51760
2025-3-18 11:34:28 - MQTT - DEBUG - RAM free 138192 alloc 51760
2025-3-18 11:34:48 - MQTT - DEBUG - RAM free 138192 alloc 51760
2025-3-18 11:35:8 - MQTT - DEBUG - RAM free 138192 alloc 51760
2025-3-18 11:35:28 - MQTT - DEBUG - RAM free 138192 alloc 51760
2025-3-18 11:35:48 - MQTT - DEBUG - RAM free 137856 alloc 52096
2025-3-18 11:36:8 - MQTT - DEBUG - RAM free 138192 alloc 51760
2025-3-18 11:36:28 - MQTT - DEBUG - RAM free 138192 alloc 51760
2025-3-18 11:36:48 - MQTT - DEBUG - RAM free 138192 alloc 51760
2025-3-18 11:37:9 - MQTT - DEBUG - RAM free 138192 alloc 51760
2025-3-18 11:37:29 - MQTT - DEBUG - RAM free 138192 alloc 51760
2025-3-18 11:37:49 - MQTT - DEBUG - RAM free 137856 alloc 52096
2025-3-18 11:38:9 - MQTT - DEBUG - RAM free 138192 alloc 51760
2025-3-18 11:38:29 - MQTT - DEBUG - RAM free 138192 alloc 51760
2025-3-18 11:38:49 - MQTT - DEBUG - RAM free 138192 alloc 51760
2025-3-18 11:39:9 - MQTT - DEBUG - RAM free 137856 alloc 52096
2025-3-18 11:39:29 - MQTT - DEBUG - RAM free 137840 alloc 52112
2025-3-18 11:39:49 - MQTT - DEBUG - RAM free 138192 alloc 51760
2025-3-18 11:40:9 - MQTT - DEBUG - RAM free 137856 alloc 52096
2025-3-18 11:40:29 - MQTT - DEBUG - RAM free 137856 alloc 52096
2025-3-18 11:40:49 - MQTT - DEBUG - RAM free 137856 alloc 52096
2025-3-18 11:41:10 - MQTT - DEBUG - RAM free 138192 alloc 51760
2025-3-18 11:41:30 - MQTT - DEBUG - RAM free 138192 alloc 51760
2025-3-18 11:41:50 - MQTT - DEBUG - RAM free 138192 alloc 51760
2025-3-18 11:42:10 - MQTT - DEBUG - RAM free 138192 alloc 51760
2025-3-18 11:42:30 - MQTT - DEBUG - RAM free 138192 alloc 51760
2025-3-18 11:42:50 - MQTT - DEBUG - RAM free 138192 alloc 51760
2025-3-18 11:43:10 - MQTT - DEBUG - RAM free 138192 alloc 51760
2025-3-18 11:43:30 - MQTT - DEBUG - RAM free 138192 alloc 51760
2025-3-18 11:43:50 - MQTT - DEBUG - RAM free 137856 alloc 52096
2025-3-18 11:44:10 - MQTT - DEBUG - RAM free 138192 alloc 51760
2025-3-18 11:44:30 - MQTT - DEBUG - RAM free 138192 alloc 51760
2025-3-18 11:44:51 - MQTT - DEBUG - RAM free 138192 alloc 51760
2025-3-18 11:45:11 - MQTT - DEBUG - RAM free 138192 alloc 51760
2025-3-18 11:45:31 - MQTT - DEBUG - RAM free 138192 alloc 51760
2025-3-18 11:45:51 - MQTT - DEBUG - RAM free 138192 alloc 51760
2025-3-18 11:46:11 - MQTT - DEBUG - RAM free 138192 alloc 51760
2025-3-18 11:46:31 - MQTT - DEBUG - RAM free 137856 alloc 52096
2025-3-18 11:46:51 - MQTT - DEBUG - RAM free 137856 alloc 52096
2025-3-18 11:47:11 - MQTT - DEBUG - RAM free 138192 alloc 51760
2025-3-18 11:47:31 - MQTT - DEBUG - RAM free 138192 alloc 51760
2025-3-18 11:47:51 - MQTT - DEBUG - RAM free 138192 alloc 51760
2025-3-18 11:48:11 - MQTT - DEBUG - RAM free 137856 alloc 52096
2025-3-18 11:48:32 - MQTT - DEBUG - RAM free 138192 alloc 51760
2025-3-18 11:48:52 - MQTT - DEBUG - RAM free 137840 alloc 52112
2025-3-18 11:49:12 - MQTT - DEBUG - RAM free 138192 alloc 51760
2025-3-18 11:49:32 - MQTT - DEBUG - RAM free 138192 alloc 51760
2025-3-18 11:49:52 - MQTT - DEBUG - RAM free 138192 alloc 51760
2025-3-18 11:50:12 - MQTT - DEBUG - RAM free 138192 alloc 51760
2025-3-18 11:50:32 - MQTT - DEBUG - RAM free 137776 alloc 52176
2025-3-18 11:50:52 - MQTT - DEBUG - RAM free 137840 alloc 52112
2025-3-18 11:51:12 - MQTT - DEBUG - RAM free 137840 alloc 52112
2025-3-18 11:51:32 - MQTT - DEBUG - RAM free 138176 alloc 51776
2025-3-18 11:51:52 - MQTT - DEBUG - RAM free 137760 alloc 52192
2025-3-18 11:52:13 - MQTT - DEBUG - RAM free 138176 alloc 51776
2025-3-18 11:52:33 - MQTT - DEBUG - RAM free 138176 alloc 51776
2025-3-18 11:52:53 - MQTT - DEBUG - RAM free 138128 alloc 51824
2025-3-18 11:53:13 - MQTT - DEBUG - RAM free 138128 alloc 51824
2025-3-18 11:53:33 - MQTT - DEBUG - RAM free 137792 alloc 52160
2025-3-18 11:53:53 - MQTT - DEBUG - RAM free 138128 alloc 51824
2025-3-18 11:54:13 - MQTT - DEBUG - RAM free 138128 alloc 51824
2025-3-18 11:54:33 - MQTT - DEBUG - RAM free 138128 alloc 51824
2025-3-18 11:54:53 - MQTT - DEBUG - RAM free 137792 alloc 52160
2025-3-18 11:55:13 - MQTT - DEBUG - RAM free 138128 alloc 51824
2025-3-18 11:55:33 - MQTT - DEBUG - RAM free 138128 alloc 51824
2025-3-18 11:55:53 - MQTT - DEBUG - Checking WiFi integrity.
2025-3-18 11:55:58 - MQTT - DEBUG - Got reliable connection
2025-3-18 11:55:58 - MQTT - DEBUG - Connecting to broker.
2025-3-18 11:55:58 - MQTT - DEBUG - Wifi is up
2025-3-18 11:55:58 - MQTT - DEBUG - rssi: -56dB
2025-3-18 11:55:59 - MQTT - DEBUG - b'pico_w_pergola_no_sensor/set_angle: +11645'
2025-3-18 11:56:0 - MQTT - DEBUG - b'pico_w_pergola_no_sensor/status: Ready'
2025-3-18 11:56:3 - MQTT - DEBUG - Ready
2025-3-18 11:56:4 - MQTT - DEBUG - b'pico_w_pergola_no_sensor/set_angle: +11734'
2025-3-18 11:56:5 - MQTT - DEBUG - Homing
2025-3-18 11:56:5 - MQTT - DEBUG - b'pico_w_pergola_no_sensor/status: Ready'
2025-3-18 11:56:6 - MQTT - DEBUG - b'pico_w_pergola_no_sensor/set_angle: +11734'
2025-3-18 11:56:7 - MQTT - DEBUG - b'pico_w_pergola_no_sensor/set_angle: +11735'
2025-3-18 11:56:8 - MQTT - DEBUG - b'pico_w_pergola_no_sensor/status: Ready'
2025-3-18 11:56:9 - MQTT - DEBUG - b'pico_w_pergola_no_sensor/set_angle: +11735'
2025-3-18 11:56:10 - MQTT - DEBUG - b'pico_w_pergola_no_sensor/set_angle: +11734'
2025-3-18 11:56:11 - MQTT - DEBUG - b'pico_w_pergola_no_sensor/status: Ready'
2025-3-18 11:56:12 - MQTT - DEBUG - b'pico_w_pergola_no_sensor/set_angle: +11734'
2025-3-18 11:56:13 - MQTT - DEBUG - b'pico_w_pergola_no_sensor/set_angle: +11735'
2025-3-18 11:56:14 - MQTT - DEBUG - Homing
2025-3-18 11:56:35 - MQTT - DEBUG - RAM free 138416 alloc 51536
2025-3-18 11:56:35 - MQTT - DEBUG - b'pico_w_pergola_no_sensor/set_angle: +11734'
2025-3-18 11:56:37 - MQTT - DEBUG - Homing successful
2025-3-18 11:56:38 - MQTT - DEBUG - Moving from: 221 to 11734
2025-3-18 11:56:39 - MQTT - DEBUG - Moving from: 1089 to 11734
2025-3-18 11:56:40 - MQTT - DEBUG - Moving from: 1958 to 11734
2025-3-18 11:56:41 - MQTT - DEBUG - Moving from: 2828 to 11734
2025-3-18 11:56:42 - MQTT - DEBUG - Moving from: 3698 to 11734
2025-3-18 11:56:43 - MQTT - DEBUG - Moving from: 4576 to 11734
2025-3-18 11:56:43 - MQTT - DEBUG - Moving from: 5440 to 11734
2025-3-18 11:56:44 - MQTT - DEBUG - Moving from: 6347 to 11734
2025-3-18 11:56:45 - MQTT - DEBUG - Moving from: 7224 to 11734
2025-3-18 11:56:46 - MQTT - DEBUG - Moving from: 8094 to 11734
2025-3-18 11:56:47 - MQTT - DEBUG - Moving from: 8963 to 11734
2025-3-18 11:56:48 - MQTT - DEBUG - Moving from: 9841 to 11734
2025-3-18 11:56:49 - MQTT - DEBUG - Moving from: 10708 to 11734
2025-3-18 11:56:50 - MQTT - DEBUG - Moving from: 11578 to 11734
2025-3-18 11:56:51 - MQTT - DEBUG - Ready
2025-3-18 11:56:51 - MQTT - DEBUG - rssi: -56dB
2025-3-18 11:56:55 - MQTT - DEBUG - RAM free 138304 alloc 51648
2025-3-18 11:57:2 - MQTT - DEBUG - b'pico_w_pergola_no_sensor/set_angle: +11724'
2025-3-18 11:57:3 - MQTT - DEBUG - b'pico_w_pergola_no_sensor/set_angle: +11726'
2025-3-18 11:57:4 - MQTT - DEBUG - Moving from: 11726 to 11726
2025-3-18 11:57:5 - MQTT - DEBUG - Ready
2025-3-18 11:57:5 - MQTT - DEBUG - rssi: -56dB
2025-3-18 11:57:15 - MQTT - DEBUG - RAM free 138352 alloc 51600
2025-3-18 11:57:27 - MQTT - DEBUG - b'pico_w_pergola_no_sensor/set_angle: 11000'
2025-3-18 11:57:29 - MQTT - DEBUG - Moving from: 11499 to 11000
2025-3-18 11:57:30 - MQTT - DEBUG - Ready
2025-3-18 11:57:30 - MQTT - DEBUG - rssi: -56dB
2025-3-18 11:57:35 - MQTT - DEBUG - RAM free 138352 alloc 51600
2025-3-18 11:57:55 - MQTT - DEBUG - RAM free 138352 alloc 51600
2025-3-18 11:58:1 - MQTT - DEBUG - b'pico_w_pergola_no_sensor/set_angle: +11815'
2025-3-18 11:58:2 - MQTT - DEBUG - b'pico_w_pergola_no_sensor/set_angle: +11817'
2025-3-18 11:58:4 - MQTT - DEBUG - Moving from: 11238 to 11817
2025-3-18 11:58:6 - MQTT - DEBUG - Ready
2025-3-18 11:58:6 - MQTT - DEBUG - rssi: -56dB
2025-3-18 11:58:15 - MQTT - DEBUG - RAM free 138352 alloc 51600
2025-3-18 11:58:36 - MQTT - DEBUG - RAM free 138352 alloc 51600
2025-3-18 11:58:56 - MQTT - DEBUG - RAM free 138352 alloc 51600
2025-3-18 11:59:2 - MQTT - DEBUG - b'pico_w_pergola_no_sensor/set_angle: +11807'
2025-3-18 11:59:3 - MQTT - DEBUG - b'pico_w_pergola_no_sensor/set_angle: +11808'
2025-3-18 11:59:4 - MQTT - DEBUG - Moving from: 11808 to 11808
2025-3-18 11:59:5 - MQTT - DEBUG - Ready
2025-3-18 11:59:5 - MQTT - DEBUG - rssi: -56dB
2025-3-18 11:59:16 - MQTT - DEBUG - RAM free 138352 alloc 51600
2025-3-18 11:59:36 - MQTT - DEBUG - RAM free 138400 alloc 51552
2025-3-18 11:59:38 - MQTT - DEBUG - b'pico_w_pergola_no_sensor/set_angle: +17812'
2025-3-18 11:59:40 - MQTT - DEBUG - Moving from: 12036 to 17812
2025-3-18 11:59:41 - MQTT - DEBUG - Moving from: 12912 to 17812
2025-3-18 11:59:42 - MQTT - DEBUG - Moving from: 13780 to 17812
2025-3-18 11:59:43 - MQTT - DEBUG - Moving from: 14641 to 17812
2025-3-18 11:59:44 - MQTT - DEBUG - Moving from: 15547 to 17812
2025-3-18 11:59:45 - MQTT - DEBUG - Moving from: 16412 to 17812
2025-3-18 11:59:45 - MQTT - DEBUG - Moving from: 17286 to 17812
2025-3-18 11:59:46 - MQTT - DEBUG - Ready
2025-3-18 11:59:46 - MQTT - DEBUG - rssi: -56dB
2025-3-18 11:59:56 - MQTT - DEBUG - RAM free 138064 alloc 51888
2025-3-18 12:0:2 - MQTT - DEBUG - b'pico_w_pergola_no_sensor/set_angle: +17848'
2025-3-18 12:0:3 - MQTT - DEBUG - b'pico_w_pergola_no_sensor/set_angle: +17850'
2025-3-18 12:0:4 - MQTT - DEBUG - Moving from: 17850 to 17850
2025-3-18 12:0:5 - MQTT - DEBUG - b'pico_w_pergola_no_sensor/set_angle: +11903'
2025-3-18 12:0:6 - MQTT - DEBUG - Moving from: 17625 to 11903
2025-3-18 12:0:7 - MQTT - DEBUG - Moving from: 16747 to 11903
2025-3-18 12:0:8 - MQTT - DEBUG - Moving from: 15882 to 11903
2025-3-18 12:0:9 - MQTT - DEBUG - Moving from: 15015 to 11903
2025-3-18 12:0:10 - MQTT - DEBUG - Moving from: 14100 to 11903
2025-3-18 12:0:11 - MQTT - DEBUG - Moving from: 13232 to 11903
2025-3-18 12:0:13 - MQTT - DEBUG - Moving from: 11903 to 11903
2025-3-18 12:0:15 - MQTT - DEBUG - Ready
2025-3-18 12:0:15 - MQTT - DEBUG - rssi: -56dB
2025-3-18 12:0:16 - MQTT - DEBUG - RAM free 138400 alloc 51552
2025-3-18 12:0:38 - MQTT - DEBUG - Checking WiFi integrity.
2025-3-18 12:0:43 - MQTT - DEBUG - Got reliable connection
2025-3-18 12:0:43 - MQTT - DEBUG - Connecting to broker.
2025-3-18 12:0:43 - MQTT - DEBUG - Wifi is up
2025-3-18 12:0:43 - MQTT - DEBUG - rssi: -54dB
2025-3-18 12:0:44 - MQTT - DEBUG - b'pico_w_pergola_no_sensor/set_angle: +11903'
2025-3-18 12:0:45 - MQTT - DEBUG - b'pico_w_pergola_no_sensor/status: Ready'
2025-3-18 12:0:49 - MQTT - DEBUG - Ready
2025-3-18 12:0:49 - MQTT - DEBUG - b'pico_w_pergola_no_sensor/status: Ready'
2025-3-18 12:0:50 - MQTT - DEBUG - Homing
2025-3-18 12:0:50 - MQTT - DEBUG - b'pico_w_pergola_no_sensor/set_angle: +11903'
2025-3-18 12:0:52 - MQTT - DEBUG - b'pico_w_pergola_no_sensor/set_angle: +11903'
2025-3-18 12:0:53 - MQTT - DEBUG - Homing
2025-3-18 12:1:16 - MQTT - DEBUG - RAM free 138432 alloc 51520
2025-3-18 12:1:16 - MQTT - DEBUG - b'pico_w_pergola_no_sensor/set_angle: +11990'
2025-3-18 12:1:17 - MQTT - DEBUG - b'pico_w_pergola_no_sensor/set_angle: +11992'
2025-3-18 12:1:18 - MQTT - DEBUG - b'pico_w_pergola_no_sensor/set_angle: +11992'
2025-3-18 12:1:20 - MQTT - DEBUG - b'pico_w_pergola_no_sensor/set_angle: +11990'
2025-3-18 12:1:21 - MQTT - DEBUG - b'pico_w_pergola_no_sensor/set_angle: +11992'
2025-3-18 12:1:22 - MQTT - DEBUG - b'pico_w_pergola_no_sensor/set_angle: +11990'
2025-3-18 12:1:23 - MQTT - DEBUG - b'pico_w_pergola_no_sensor/set_angle: +11992'
2025-3-18 12:1:24 - MQTT - DEBUG - b'pico_w_pergola_no_sensor/set_angle: +11990'
2025-3-18 12:1:25 - MQTT - DEBUG - b'pico_w_pergola_no_sensor/set_angle: +11992'
2025-3-18 12:1:26 - MQTT - DEBUG - b'pico_w_pergola_no_sensor/set_angle: +11990'
2025-3-18 12:1:27 - MQTT - DEBUG - b'pico_w_pergola_no_sensor/set_angle: +11992'
2025-3-18 12:1:28 - MQTT - DEBUG - b'pico_w_pergola_no_sensor/set_angle: +11990'
2025-3-18 12:1:29 - MQTT - DEBUG - b'pico_w_pergola_no_sensor/set_angle: +11992'
2025-3-18 12:1:30 - MQTT - DEBUG - b'pico_w_pergola_no_sensor/set_angle: +11990'
2025-3-18 12:1:31 - MQTT - DEBUG - b'pico_w_pergola_no_sensor/set_angle: +11992'
2025-3-18 12:1:33 - MQTT - DEBUG - Wifi is down
2025-3-18 12:1:39 - MQTT - DEBUG - Checking WiFi integrity.
2025-3-18 12:1:44 - MQTT - DEBUG - Got reliable connection
2025-3-18 12:1:44 - MQTT - DEBUG - Connecting to broker.
2025-3-18 12:1:44 - MQTT - DEBUG - Reconnect OK!
2025-3-18 12:1:44 - MQTT - DEBUG - Wifi is up
2025-3-18 12:1:44 - MQTT - DEBUG - rssi: -54dB
2025-3-18 12:1:45 - MQTT - DEBUG - Homing successful
2025-3-18 12:1:47 - MQTT - DEBUG - Moving from: 223 to 11992
2025-3-18 12:1:47 - MQTT - DEBUG - Moving from: 1087 to 11992
2025-3-18 12:1:48 - MQTT - DEBUG - Moving from: 1952 to 11992
2025-3-18 12:1:49 - MQTT - DEBUG - Moving from: 2819 to 11992
2025-3-18 12:1:50 - MQTT - DEBUG - Moving from: 3687 to 11992
2025-3-18 12:1:51 - MQTT - DEBUG - Moving from: 4565 to 11992
2025-3-18 12:1:52 - MQTT - DEBUG - Moving from: 5431 to 11992
2025-3-18 12:1:53 - MQTT - DEBUG - Moving from: 6300 to 11992
2025-3-18 12:1:54 - MQTT - DEBUG - Moving from: 7222 to 11992
2025-3-18 12:1:55 - MQTT - DEBUG - Moving from: 8089 to 11992
2025-3-18 12:1:56 - MQTT - DEBUG - Moving from: 8956 to 11992
2025-3-18 12:1:57 - MQTT - DEBUG - Moving from: 9835 to 11992
2025-3-18 12:1:58 - MQTT - DEBUG - Moving from: 10698 to 11992
2025-3-18 12:1:58 - MQTT - DEBUG - Moving from: 11566 to 11992
2025-3-18 12:1:59 - MQTT - DEBUG - Ready
2025-3-18 12:1:59 - MQTT - DEBUG - rssi: -54dB
2025-3-18 12:2:4 - MQTT - DEBUG - RAM free 138256 alloc 51696
2025-3-18 12:2:24 - MQTT - DEBUG - RAM free 138256 alloc 51696
2025-3-18 12:2:44 - MQTT - DEBUG - RAM free 138256 alloc 51696
2025-3-18 12:3:5 - MQTT - DEBUG - RAM free 137920 alloc 52032
2025-3-18 12:3:25 - MQTT - DEBUG - RAM free 138256 alloc 51696
2025-3-18 12:3:45 - MQTT - DEBUG - RAM free 138256 alloc 51696
2025-3-18 12:4:5 - MQTT - DEBUG - RAM free 138256 alloc 51696
2025-3-18 12:4:25 - MQTT - DEBUG - RAM free 138256 alloc 51696
2025-3-18 12:4:45 - MQTT - DEBUG - RAM free 138256 alloc 51696
2025-3-18 12:5:5 - MQTT - DEBUG - RAM free 138256 alloc 51696
2025-3-18 12:5:25 - MQTT - DEBUG - RAM free 138256 alloc 51696
2025-3-18 12:5:45 - MQTT - DEBUG - RAM free 138256 alloc 51696
2025-3-18 12:6:5 - MQTT - DEBUG - RAM free 138256 alloc 51696
2025-3-18 13:8:8 - MQTT - DEBUG - Checking WiFi integrity.
2025-3-18 13:8:33 - MQTT - DEBUG - Checking WiFi integrity.
2025-3-18 13:8:38 - MQTT - DEBUG - Got reliable connection
2025-3-18 13:8:39 - MQTT - DEBUG - Connecting to broker.
2025-3-18 13:8:42 - MQTT - DEBUG - Ready
2025-3-18 13:8:43 - MQTT - DEBUG - Homing
2025-3-18 13:8:43 - MQTT - DEBUG - Homing
2025-3-18 13:9:7 - MQTT - DEBUG - RAM free 138464 alloc 51488
2025-3-18 13:9:8 - MQTT - DEBUG - Homing successful
2025-3-18 13:9:27 - MQTT - DEBUG - RAM free 139024 alloc 50928
2025-3-18 13:9:47 - MQTT - DEBUG - RAM free 139024 alloc 50928
2025-3-18 13:12:8 - MQTT - DEBUG - Checking WiFi integrity.
2025-3-18 13:12:13 - MQTT - DEBUG - Got reliable connection
2025-3-18 13:12:13 - MQTT - DEBUG - Connecting to broker.
2025-3-18 13:12:13 - MQTT - DEBUG - Wifi is up
2025-3-18 13:12:13 - MQTT - DEBUG - rssi: -54dB
2025-3-18 13:12:14 - MQTT - DEBUG - b'pico_w_pergola_no_sensor/set_angle: +15817'
2025-3-18 13:12:15 - MQTT - DEBUG - b'pico_w_pergola_no_sensor/status: Homing successful'
2025-3-18 13:12:18 - MQTT - DEBUG - Ready
2025-3-18 13:12:18 - MQTT - DEBUG - b'pico_w_pergola_no_sensor/status: Homing successful'
2025-3-18 13:12:19 - MQTT - DEBUG - Homing
2025-3-18 13:12:20 - MQTT - DEBUG - b'pico_w_pergola_no_sensor/set_angle: +15817'
2025-3-18 13:12:21 - MQTT - DEBUG - b'pico_w_pergola_no_sensor/set_angle: +15817'
2025-3-18 13:12:22 - MQTT - DEBUG - Homing
2025-3-18 13:12:23 - MQTT - DEBUG - Homing successful
2025-3-18 13:12:24 - MQTT - DEBUG - Moving from: 222 to 15817
2025-3-18 13:12:25 - MQTT - DEBUG - Moving from: 1126 to 15817
2025-3-18 13:12:26 - MQTT - DEBUG - Moving from: 1986 to 15817
2025-3-18 13:12:27 - MQTT - DEBUG - Moving from: 2849 to 15817
2025-3-18 13:12:28 - MQTT - DEBUG - Moving from: 3715 to 15817
2025-3-18 13:12:29 - MQTT - DEBUG - Moving from: 4589 to 15817
2025-3-18 13:12:30 - MQTT - DEBUG - Moving from: 5451 to 15817
2025-3-18 13:12:31 - MQTT - DEBUG - Moving from: 6315 to 15817
2025-3-18 13:12:32 - MQTT - DEBUG - Moving from: 7179 to 15817
2025-3-18 13:12:32 - MQTT - DEBUG - Moving from: 8046 to 15817
2025-3-18 13:12:33 - MQTT - DEBUG - Moving from: 8920 to 15817
2025-3-18 13:12:34 - MQTT - DEBUG - Moving from: 9786 to 15817
2025-3-18 13:12:35 - MQTT - DEBUG - RAM free 138320 alloc 51632
2025-3-18 13:12:35 - MQTT - DEBUG - Moving from: 10692 to 15817
2025-3-18 13:12:36 - MQTT - DEBUG - Moving from: 11558 to 15817
2025-3-18 13:12:37 - MQTT - DEBUG - Moving from: 12426 to 15817
2025-3-18 13:12:38 - MQTT - DEBUG - Moving from: 13302 to 15817
2025-3-18 13:12:39 - MQTT - DEBUG - Moving from: 14165 to 15817
2025-3-18 13:12:40 - MQTT - DEBUG - Moving from: 15031 to 15817
2025-3-18 13:12:41 - MQTT - DEBUG - Moving from: 15817 to 15817
2025-3-18 13:12:42 - MQTT - DEBUG - Ready
2025-3-18 13:12:42 - MQTT - DEBUG - rssi: -54dB
2025-3-18 13:12:55 - MQTT - DEBUG - RAM free 138560 alloc 51392
2025-3-18 13:13:3 - MQTT - DEBUG - b'pico_w_pergola_no_sensor/set_angle: +15948'
2025-3-18 13:13:4 - MQTT - DEBUG - b'pico_w_pergola_no_sensor/set_angle: +15951'
2025-3-18 13:13:5 - MQTT - DEBUG - Moving from: 15951 to 15951
2025-3-18 13:13:6 - MQTT - DEBUG - Ready
2025-3-18 13:13:6 - MQTT - DEBUG - rssi: -54dB
2025-3-18 13:13:15 - MQTT - DEBUG - RAM free 138896 alloc 51056
2025-3-18 13:13:35 - MQTT - DEBUG - RAM free 138896 alloc 51056
2025-3-18 13:13:55 - MQTT - DEBUG - RAM free 138896 alloc 51056
2025-3-18 13:14:2 - MQTT - DEBUG - b'pico_w_pergola_no_sensor/set_angle: +15983'
2025-3-18 13:14:3 - MQTT - DEBUG - b'pico_w_pergola_no_sensor/set_angle: +15985'
2025-3-18 13:14:5 - MQTT - DEBUG - Moving from: 15985 to 15985
2025-3-18 13:14:5 - MQTT - DEBUG - Ready
2025-3-18 13:14:5 - MQTT - DEBUG - rssi: -54dB
2025-3-18 13:14:16 - MQTT - DEBUG - RAM free 138896 alloc 51056
2025-3-18 13:14:36 - MQTT - DEBUG - RAM free 138896 alloc 51056
2025-3-18 13:14:56 - MQTT - DEBUG - RAM free 138560 alloc 51392
2025-3-18 13:15:3 - MQTT - DEBUG - b'pico_w_pergola_no_sensor/set_angle: +16018'
2025-3-18 13:15:4 - MQTT - DEBUG - b'pico_w_pergola_no_sensor/set_angle: +16020'
2025-3-18 13:15:5 - MQTT - DEBUG - Moving from: 16020 to 16020
2025-3-18 13:15:6 - MQTT - DEBUG - Ready
2025-3-18 13:15:6 - MQTT - DEBUG - rssi: -54dB
2025-3-18 13:15:16 - MQTT - DEBUG - RAM free 138896 alloc 51056
2025-3-18 13:15:36 - MQTT - DEBUG - RAM free 138480 alloc 51472
2025-3-18 13:15:56 - MQTT - DEBUG - RAM free 138896 alloc 51056
2025-3-18 13:16:2 - MQTT - DEBUG - b'pico_w_pergola_no_sensor/set_angle: +16154'
2025-3-18 13:16:3 - MQTT - DEBUG - b'pico_w_pergola_no_sensor/set_angle: +16156'
2025-3-18 13:16:5 - MQTT - DEBUG - Moving from: 16156 to 16156
2025-3-18 13:16:6 - MQTT - DEBUG - Ready
2025-3-18 13:16:6 - MQTT - DEBUG - rssi: -54dB
